<?xml version="1.0" encoding="UTF-8"?>
<coverage generated="1584586947563" clover="3.2.0">
  <project timestamp="1584586947563" name="All files">
    <metrics statements="12" coveredstatements="6" conditionals="0" coveredconditionals="0" methods="6" coveredmethods="2" elements="18" coveredelements="8" complexity="0" loc="12" ncloc="12" packages="1" files="1" classes="1"/>
    <file name="testingComponent.jsx" path="C:\Users\vipjinda\vs_code_workspace\testing-react-app\src\components\testingComponent.jsx">
      <metrics statements="12" coveredstatements="6" conditionals="0" coveredconditionals="0" methods="6" coveredmethods="2"/>
      <line num="6" count="1" type="stmt"/>
      <line num="8" count="1" type="stmt"/>
      <line num="13" count="1" type="stmt"/>
      <line num="14" count="0" type="stmt"/>
      <line num="19" count="1" type="stmt"/>
      <line num="20" count="0" type="stmt"/>
      <line num="21" count="0" type="stmt"/>
      <line num="22" count="0" type="stmt"/>
      <line num="27" count="0" type="stmt"/>
      <line num="30" count="0" type="stmt"/>
      <line num="34" count="1" type="stmt"/>
      <line num="35" count="1" type="stmt"/>
    </file>
  </project>
</coverage>
