<?xml version="1.0" ?>
<!DOCTYPE coverage SYSTEM "http://cobertura.sourceforge.net/xml/coverage-04.dtd">
<coverage lines-valid="12" lines-covered="6" line-rate="0.5" branches-valid="0" branches-covered="0" branch-rate="1" timestamp="1584586947568" complexity="0" version="0.1">
  <sources>
    <source>C:\Users\vipjinda\vs_code_workspace\testing-react-app</source>
  </sources>
  <packages>
    <class name="testingComponent.jsx" filename="src\components\testingComponent.jsx" line-rate="0.5" branch-rate="1">
      <methods>
        <method name="(anonymous_0)" hits="1" signature="()V">
          <lines>
            <line number="5" hits="1"/>
          </lines>
        </method>
        <method name="(anonymous_1)" hits="0" signature="()V">
          <lines>
            <line number="13" hits="0"/>
          </lines>
        </method>
        <method name="(anonymous_2)" hits="0" signature="()V">
          <lines>
            <line number="19" hits="0"/>
          </lines>
        </method>
        <method name="(anonymous_3)" hits="0" signature="()V">
          <lines>
            <line number="26" hits="0"/>
          </lines>
        </method>
        <method name="(anonymous_4)" hits="0" signature="()V">
          <lines>
            <line number="29" hits="0"/>
          </lines>
        </method>
        <method name="(anonymous_5)" hits="1" signature="()V">
          <lines>
            <line number="33" hits="1"/>
          </lines>
        </method>
      </methods>
      <lines>
        <line number="6" hits="1" branch="false"/>
        <line number="8" hits="1" branch="false"/>
        <line number="13" hits="1" branch="false"/>
        <line number="14" hits="0" branch="false"/>
        <line number="19" hits="1" branch="false"/>
        <line number="20" hits="0" branch="false"/>
        <line number="21" hits="0" branch="false"/>
        <line number="22" hits="0" branch="false"/>
        <line number="27" hits="0" branch="false"/>
        <line number="30" hits="0" branch="false"/>
        <line number="34" hits="1" branch="false"/>
        <line number="35" hits="1" branch="false"/>
      </lines>
    </class>
  </packages>
</coverage>
